08-Sep-2017 20:24:55.396 INFO [localhost-startStop-1] org.apache.catalina.core.ApplicationContext.log No Spring WebApplicationInitializer types detected on classpath
08-Sep-2017 20:24:55.464 INFO [localhost-startStop-1] org.apache.catalina.core.ApplicationContext.log Initializing Spring root WebApplicationContext
08-Sep-2017 20:25:02.794 INFO [localhost-startStop-1] org.apache.catalina.core.ApplicationContext.log Initializing Spring FrameworkServlet 'spring-mvc'
08-Sep-2017 20:25:03.153 INFO [localhost-startStop-1] org.apache.catalina.core.ApplicationContext.log ContextListener: contextInitialized()
08-Sep-2017 20:25:03.153 INFO [localhost-startStop-1] org.apache.catalina.core.ApplicationContext.log SessionListener: contextInitialized()
08-Sep-2017 20:26:09.738 INFO [localhost-startStop-2] org.apache.catalina.core.ApplicationContext.log SessionListener: contextDestroyed()
08-Sep-2017 20:26:09.739 INFO [localhost-startStop-2] org.apache.catalina.core.ApplicationContext.log ContextListener: contextDestroyed()
08-Sep-2017 20:26:09.749 INFO [localhost-startStop-2] org.apache.catalina.core.ApplicationContext.log Destroying Spring FrameworkServlet 'spring-mvc'
08-Sep-2017 20:26:09.751 INFO [localhost-startStop-2] org.apache.catalina.core.ApplicationContext.log Closing Spring root WebApplicationContext
08-Sep-2017 20:27:15.693 INFO [localhost-startStop-1] org.apache.catalina.core.ApplicationContext.log No Spring WebApplicationInitializer types detected on classpath
08-Sep-2017 20:27:15.752 INFO [localhost-startStop-1] org.apache.catalina.core.ApplicationContext.log Initializing Spring root WebApplicationContext
08-Sep-2017 20:27:22.646 INFO [localhost-startStop-1] org.apache.catalina.core.ApplicationContext.log Initializing Spring FrameworkServlet 'spring-mvc'
08-Sep-2017 20:27:22.960 INFO [localhost-startStop-1] org.apache.catalina.core.ApplicationContext.log ContextListener: contextInitialized()
08-Sep-2017 20:27:22.960 INFO [localhost-startStop-1] org.apache.catalina.core.ApplicationContext.log SessionListener: contextInitialized()
08-Sep-2017 20:28:22.645 INFO [localhost-startStop-2] org.apache.catalina.core.ApplicationContext.log SessionListener: contextDestroyed()
08-Sep-2017 20:28:22.645 INFO [localhost-startStop-2] org.apache.catalina.core.ApplicationContext.log ContextListener: contextDestroyed()
08-Sep-2017 20:28:22.654 INFO [localhost-startStop-2] org.apache.catalina.core.ApplicationContext.log Destroying Spring FrameworkServlet 'spring-mvc'
08-Sep-2017 20:28:22.657 INFO [localhost-startStop-2] org.apache.catalina.core.ApplicationContext.log Closing Spring root WebApplicationContext
08-Sep-2017 20:28:46.867 INFO [localhost-startStop-1] org.apache.catalina.core.ApplicationContext.log No Spring WebApplicationInitializer types detected on classpath
08-Sep-2017 20:28:46.926 INFO [localhost-startStop-1] org.apache.catalina.core.ApplicationContext.log Initializing Spring root WebApplicationContext
08-Sep-2017 20:28:53.807 INFO [localhost-startStop-1] org.apache.catalina.core.ApplicationContext.log Initializing Spring FrameworkServlet 'spring-mvc'
08-Sep-2017 20:28:54.108 INFO [localhost-startStop-1] org.apache.catalina.core.ApplicationContext.log ContextListener: contextInitialized()
08-Sep-2017 20:28:54.108 INFO [localhost-startStop-1] org.apache.catalina.core.ApplicationContext.log SessionListener: contextInitialized()
08-Sep-2017 20:29:37.740 INFO [http-nio-22080-exec-8] org.apache.catalina.core.ApplicationContext.log SessionListener: contextDestroyed()
08-Sep-2017 20:29:37.741 INFO [http-nio-22080-exec-8] org.apache.catalina.core.ApplicationContext.log ContextListener: contextDestroyed()
08-Sep-2017 20:29:44.028 INFO [http-nio-22080-exec-9] org.apache.catalina.core.ApplicationContext.log Destroying Spring FrameworkServlet 'spring-mvc'
08-Sep-2017 20:29:44.031 INFO [http-nio-22080-exec-9] org.apache.catalina.core.ApplicationContext.log Closing Spring root WebApplicationContext
08-Sep-2017 20:29:48.899 INFO [http-nio-22080-exec-3] org.apache.catalina.core.ApplicationContext.log No Spring WebApplicationInitializer types detected on classpath
08-Sep-2017 20:29:48.952 INFO [http-nio-22080-exec-3] org.apache.catalina.core.ApplicationContext.log Initializing Spring root WebApplicationContext
08-Sep-2017 20:29:55.093 INFO [http-nio-22080-exec-3] org.apache.catalina.core.ApplicationContext.log Initializing Spring FrameworkServlet 'spring-mvc'
08-Sep-2017 20:39:09.863 INFO [http-nio-22080-exec-20] org.apache.catalina.core.ApplicationContext.log Destroying Spring FrameworkServlet 'spring-mvc'
08-Sep-2017 20:39:09.896 INFO [http-nio-22080-exec-20] org.apache.catalina.core.ApplicationContext.log Closing Spring root WebApplicationContext
08-Sep-2017 20:39:13.865 INFO [http-nio-22080-exec-21] org.apache.catalina.core.ApplicationContext.log No Spring WebApplicationInitializer types detected on classpath
08-Sep-2017 20:39:13.921 INFO [http-nio-22080-exec-21] org.apache.catalina.core.ApplicationContext.log Initializing Spring root WebApplicationContext
08-Sep-2017 20:39:20.002 INFO [http-nio-22080-exec-21] org.apache.catalina.core.ApplicationContext.log Initializing Spring FrameworkServlet 'spring-mvc'
08-Sep-2017 20:42:10.565 INFO [localhost-startStop-2] org.apache.catalina.core.ApplicationContext.log Destroying Spring FrameworkServlet 'spring-mvc'
08-Sep-2017 20:42:10.582 INFO [localhost-startStop-2] org.apache.catalina.core.ApplicationContext.log Closing Spring root WebApplicationContext
08-Sep-2017 20:42:29.935 INFO [localhost-startStop-1] org.apache.catalina.core.ApplicationContext.log No Spring WebApplicationInitializer types detected on classpath
08-Sep-2017 20:42:29.997 INFO [localhost-startStop-1] org.apache.catalina.core.ApplicationContext.log Initializing Spring root WebApplicationContext
08-Sep-2017 20:42:36.851 INFO [localhost-startStop-1] org.apache.catalina.core.ApplicationContext.log Initializing Spring FrameworkServlet 'spring-mvc'
08-Sep-2017 20:43:30.070 INFO [localhost-startStop-2] org.apache.catalina.core.ApplicationContext.log Destroying Spring FrameworkServlet 'spring-mvc'
08-Sep-2017 20:43:30.074 INFO [localhost-startStop-2] org.apache.catalina.core.ApplicationContext.log Closing Spring root WebApplicationContext
08-Sep-2017 20:43:40.557 INFO [localhost-startStop-1] org.apache.catalina.core.ApplicationContext.log No Spring WebApplicationInitializer types detected on classpath
08-Sep-2017 20:43:40.621 INFO [localhost-startStop-1] org.apache.catalina.core.ApplicationContext.log Initializing Spring root WebApplicationContext
08-Sep-2017 20:43:47.497 INFO [localhost-startStop-1] org.apache.catalina.core.ApplicationContext.log Initializing Spring FrameworkServlet 'spring-mvc'
08-Sep-2017 20:44:32.233 INFO [localhost-startStop-2] org.apache.catalina.core.ApplicationContext.log Destroying Spring FrameworkServlet 'spring-mvc'
08-Sep-2017 20:44:32.238 INFO [localhost-startStop-2] org.apache.catalina.core.ApplicationContext.log Closing Spring root WebApplicationContext
