08-Sep-2017 20:29:26.514 INFO [http-nio-22080-exec-2] org.apache.catalina.core.ApplicationContext.log HTMLManager: init: Associated with Deployer 'Catalina:type=Deployer,host=localhost'
08-Sep-2017 20:29:26.515 INFO [http-nio-22080-exec-2] org.apache.catalina.core.ApplicationContext.log HTMLManager: init: Global resources are available
08-Sep-2017 20:29:26.540 INFO [http-nio-22080-exec-2] org.apache.catalina.core.ApplicationContext.log HTMLManager: list: Listing contexts for virtual host 'localhost'
08-Sep-2017 20:29:31.915 INFO [http-nio-22080-exec-6] org.apache.catalina.core.ApplicationContext.log HTMLManager: stop: Stopping web application '/docs'
08-Sep-2017 20:29:31.932 INFO [http-nio-22080-exec-6] org.apache.catalina.core.ApplicationContext.log HTMLManager: list: Listing contexts for virtual host 'localhost'
08-Sep-2017 20:29:35.153 INFO [http-nio-22080-exec-2] org.apache.catalina.core.ApplicationContext.log HTMLManager: undeploy: Undeploying web application at '/docs'
08-Sep-2017 20:29:35.702 INFO [http-nio-22080-exec-2] org.apache.catalina.core.ApplicationContext.log HTMLManager: list: Listing contexts for virtual host 'localhost'
08-Sep-2017 20:29:37.723 INFO [http-nio-22080-exec-8] org.apache.catalina.core.ApplicationContext.log HTMLManager: stop: Stopping web application '/examples'
08-Sep-2017 20:29:37.755 INFO [http-nio-22080-exec-8] org.apache.catalina.core.ApplicationContext.log HTMLManager: list: Listing contexts for virtual host 'localhost'
08-Sep-2017 20:29:39.177 INFO [http-nio-22080-exec-12] org.apache.catalina.core.ApplicationContext.log HTMLManager: undeploy: Undeploying web application at '/examples'
08-Sep-2017 20:29:39.733 INFO [http-nio-22080-exec-12] org.apache.catalina.core.ApplicationContext.log HTMLManager: list: Listing contexts for virtual host 'localhost'
08-Sep-2017 20:29:44.027 INFO [http-nio-22080-exec-9] org.apache.catalina.core.ApplicationContext.log HTMLManager: stop: Stopping web application '/Promocion'
08-Sep-2017 20:29:44.083 INFO [http-nio-22080-exec-9] org.apache.catalina.core.ApplicationContext.log HTMLManager: list: Listing contexts for virtual host 'localhost'
08-Sep-2017 20:29:46.129 INFO [http-nio-22080-exec-3] org.apache.catalina.core.ApplicationContext.log HTMLManager: start: Starting web application '/Promocion'
08-Sep-2017 20:29:55.124 INFO [http-nio-22080-exec-3] org.apache.catalina.core.ApplicationContext.log HTMLManager: list: Listing contexts for virtual host 'localhost'
08-Sep-2017 20:39:06.767 INFO [http-nio-22080-exec-19] org.apache.catalina.core.ApplicationContext.log HTMLManager: list: Listing contexts for virtual host 'localhost'
08-Sep-2017 20:39:08.250 INFO [http-nio-22080-exec-22] org.apache.catalina.core.ApplicationContext.log HTMLManager: list: Listing contexts for virtual host 'localhost'
08-Sep-2017 20:39:09.861 INFO [http-nio-22080-exec-20] org.apache.catalina.core.ApplicationContext.log HTMLManager: stop: Stopping web application '/Promocion'
08-Sep-2017 20:39:09.957 INFO [http-nio-22080-exec-20] org.apache.catalina.core.ApplicationContext.log HTMLManager: list: Listing contexts for virtual host 'localhost'
08-Sep-2017 20:39:11.244 INFO [http-nio-22080-exec-21] org.apache.catalina.core.ApplicationContext.log HTMLManager: start: Starting web application '/Promocion'
08-Sep-2017 20:39:20.033 INFO [http-nio-22080-exec-21] org.apache.catalina.core.ApplicationContext.log HTMLManager: list: Listing contexts for virtual host 'localhost'
08-Sep-2017 20:39:59.395 INFO [http-nio-22080-exec-32] org.apache.catalina.core.ApplicationContext.log HTMLManager: list: Listing contexts for virtual host 'localhost'
