06-Aug-2018 09:05:56.816 INFO [main] org.apache.catalina.startup.VersionLoggerListener.log Server version:        Apache Tomcat/8.5.20
06-Aug-2018 09:05:56.828 INFO [main] org.apache.catalina.startup.VersionLoggerListener.log Server built:          Aug 2 2017 21:35:49 UTC
06-Aug-2018 09:05:56.828 INFO [main] org.apache.catalina.startup.VersionLoggerListener.log Server number:         8.5.20.0
06-Aug-2018 09:05:56.828 INFO [main] org.apache.catalina.startup.VersionLoggerListener.log OS Name:               Linux
06-Aug-2018 09:05:56.828 INFO [main] org.apache.catalina.startup.VersionLoggerListener.log OS Version:            3.10.0-862.9.1.el7.x86_64
06-Aug-2018 09:05:56.828 INFO [main] org.apache.catalina.startup.VersionLoggerListener.log Architecture:          amd64
06-Aug-2018 09:05:56.828 INFO [main] org.apache.catalina.startup.VersionLoggerListener.log Java Home:             /opt/jdk1.8.0_144/jre
06-Aug-2018 09:05:56.829 INFO [main] org.apache.catalina.startup.VersionLoggerListener.log JVM Version:           1.8.0_144-b01
06-Aug-2018 09:05:56.829 INFO [main] org.apache.catalina.startup.VersionLoggerListener.log JVM Vendor:            Oracle Corporation
06-Aug-2018 09:05:56.829 INFO [main] org.apache.catalina.startup.VersionLoggerListener.log CATALINA_BASE:         /home/wacom/public_html/Java2EE-Native
06-Aug-2018 09:05:56.829 INFO [main] org.apache.catalina.startup.VersionLoggerListener.log CATALINA_HOME:         /home/wacom/public_html/Java2EE-Native
06-Aug-2018 09:05:56.830 INFO [main] org.apache.catalina.startup.VersionLoggerListener.log Command line argument: -Djava.util.logging.config.file=/home/wacom/www/Java2EE-Native//conf/logging.properties
06-Aug-2018 09:05:56.830 INFO [main] org.apache.catalina.startup.VersionLoggerListener.log Command line argument: -Djava.util.logging.manager=org.apache.juli.ClassLoaderLogManager
06-Aug-2018 09:05:56.830 INFO [main] org.apache.catalina.startup.VersionLoggerListener.log Command line argument: -Djdk.tls.ephemeralDHKeySize=2048
06-Aug-2018 09:05:56.830 INFO [main] org.apache.catalina.startup.VersionLoggerListener.log Command line argument: -Djava.protocol.handler.pkgs=org.apache.catalina.webresources
06-Aug-2018 09:05:56.830 INFO [main] org.apache.catalina.startup.VersionLoggerListener.log Command line argument: -Djava.library.path=/home/wacom/www/Java2EE-Native/lib
06-Aug-2018 09:05:56.831 INFO [main] org.apache.catalina.startup.VersionLoggerListener.log Command line argument: -Dcatalina.base=/home/wacom/www/Java2EE-Native/
06-Aug-2018 09:05:56.831 INFO [main] org.apache.catalina.startup.VersionLoggerListener.log Command line argument: -Dcatalina.home=/home/wacom/www/Java2EE-Native/
06-Aug-2018 09:05:56.831 INFO [main] org.apache.catalina.startup.VersionLoggerListener.log Command line argument: -Djava.io.tmpdir=/home/wacom/www/Java2EE-Native//temp
06-Aug-2018 09:05:56.831 INFO [main] org.apache.catalina.core.AprLifecycleListener.lifecycleEvent Loaded APR based Apache Tomcat Native library [1.2.12] using APR version [1.6.3].
06-Aug-2018 09:05:56.831 INFO [main] org.apache.catalina.core.AprLifecycleListener.lifecycleEvent APR capabilities: IPv6 [true], sendfile [true], accept filters [false], random [true].
06-Aug-2018 09:05:56.831 INFO [main] org.apache.catalina.core.AprLifecycleListener.lifecycleEvent APR/OpenSSL configuration: useAprConnector [false], useOpenSSL [true]
06-Aug-2018 09:05:57.125 INFO [main] org.apache.coyote.AbstractProtocol.init Initializing ProtocolHandler ["http-nio-8083"]
06-Aug-2018 09:05:57.161 INFO [main] org.apache.tomcat.util.net.NioSelectorPool.getSharedSelector Using a shared selector for servlet write/read
06-Aug-2018 09:05:57.167 INFO [main] org.apache.coyote.AbstractProtocol.init Initializing ProtocolHandler ["ajp-nio-8011"]
06-Aug-2018 09:05:57.168 INFO [main] org.apache.tomcat.util.net.NioSelectorPool.getSharedSelector Using a shared selector for servlet write/read
06-Aug-2018 09:05:57.169 INFO [main] org.apache.catalina.startup.Catalina.load Initialization processed in 1198 ms
06-Aug-2018 09:05:57.210 INFO [main] org.apache.catalina.core.StandardService.startInternal Starting service [Catalina]
06-Aug-2018 09:05:57.210 INFO [main] org.apache.catalina.core.StandardEngine.startInternal Starting Servlet Engine: Apache Tomcat/8.5.20
06-Aug-2018 09:05:57.255 INFO [localhost-startStop-1] org.apache.catalina.startup.HostConfig.deployWAR Deploying web application archive [/home/wacom/public_html/Java2EE-Native/webapps/Promocion.war]
06-Aug-2018 09:06:02.947 INFO [localhost-startStop-1] org.apache.jasper.servlet.TldScanner.scanJars At least one JAR was scanned for TLDs yet contained no TLDs. Enable debug logging for this logger for a complete list of JARs that were scanned but no TLDs were found in them. Skipping unneeded JARs during scanning can improve startup time and JSP compilation time.
06-Aug-2018 09:06:44.605 WARNING [localhost-startStop-1] org.apache.catalina.util.SessionIdGeneratorBase.createSecureRandom Creation of SecureRandom instance for session ID generation using [SHA1PRNG] took [31,938] milliseconds.
06-Aug-2018 09:06:44.680 INFO [localhost-startStop-1] org.apache.catalina.startup.HostConfig.deployWAR Deployment of web application archive [/home/wacom/public_html/Java2EE-Native/webapps/Promocion.war] has finished in [47,425] ms
06-Aug-2018 09:06:44.684 INFO [localhost-startStop-1] org.apache.catalina.startup.HostConfig.deployDirectory Deploying web application directory [/home/wacom/public_html/Java2EE-Native/webapps/host-manager]
06-Aug-2018 09:06:44.720 INFO [localhost-startStop-1] org.apache.catalina.startup.HostConfig.deployDirectory Deployment of web application directory [/home/wacom/public_html/Java2EE-Native/webapps/host-manager] has finished in [36] ms
06-Aug-2018 09:06:44.720 INFO [localhost-startStop-1] org.apache.catalina.startup.HostConfig.deployDirectory Deploying web application directory [/home/wacom/public_html/Java2EE-Native/webapps/manager]
06-Aug-2018 09:06:44.738 INFO [localhost-startStop-1] org.apache.catalina.startup.HostConfig.deployDirectory Deployment of web application directory [/home/wacom/public_html/Java2EE-Native/webapps/manager] has finished in [17] ms
06-Aug-2018 09:06:44.746 INFO [main] org.apache.coyote.AbstractProtocol.start Starting ProtocolHandler ["http-nio-8083"]
06-Aug-2018 09:06:44.756 INFO [main] org.apache.coyote.AbstractProtocol.start Starting ProtocolHandler ["ajp-nio-8011"]
06-Aug-2018 09:06:44.758 INFO [main] org.apache.catalina.startup.Catalina.start Server startup in 47589 ms
