07-Jul-2018 10:55:28.072 INFO [main] org.apache.catalina.startup.VersionLoggerListener.log Server version:        Apache Tomcat/8.5.20
07-Jul-2018 10:55:28.076 INFO [main] org.apache.catalina.startup.VersionLoggerListener.log Server built:          Aug 2 2017 21:35:49 UTC
07-Jul-2018 10:55:28.076 INFO [main] org.apache.catalina.startup.VersionLoggerListener.log Server number:         8.5.20.0
07-Jul-2018 10:55:28.077 INFO [main] org.apache.catalina.startup.VersionLoggerListener.log OS Name:               Linux
07-Jul-2018 10:55:28.077 INFO [main] org.apache.catalina.startup.VersionLoggerListener.log OS Version:            3.10.0-862.6.3.el7.x86_64
07-Jul-2018 10:55:28.077 INFO [main] org.apache.catalina.startup.VersionLoggerListener.log Architecture:          amd64
07-Jul-2018 10:55:28.077 INFO [main] org.apache.catalina.startup.VersionLoggerListener.log Java Home:             /opt/jdk1.8.0_144/jre
07-Jul-2018 10:55:28.077 INFO [main] org.apache.catalina.startup.VersionLoggerListener.log JVM Version:           1.8.0_144-b01
07-Jul-2018 10:55:28.078 INFO [main] org.apache.catalina.startup.VersionLoggerListener.log JVM Vendor:            Oracle Corporation
07-Jul-2018 10:55:28.078 INFO [main] org.apache.catalina.startup.VersionLoggerListener.log CATALINA_BASE:         /home/wacom/public_html/Java2EE-Native
07-Jul-2018 10:55:28.078 INFO [main] org.apache.catalina.startup.VersionLoggerListener.log CATALINA_HOME:         /home/wacom/public_html/Java2EE-Native
07-Jul-2018 10:55:28.079 INFO [main] org.apache.catalina.startup.VersionLoggerListener.log Command line argument: -Djava.util.logging.config.file=/home/wacom/www/Java2EE-Native//conf/logging.properties
07-Jul-2018 10:55:28.079 INFO [main] org.apache.catalina.startup.VersionLoggerListener.log Command line argument: -Djava.util.logging.manager=org.apache.juli.ClassLoaderLogManager
07-Jul-2018 10:55:28.079 INFO [main] org.apache.catalina.startup.VersionLoggerListener.log Command line argument: -Djdk.tls.ephemeralDHKeySize=2048
07-Jul-2018 10:55:28.079 INFO [main] org.apache.catalina.startup.VersionLoggerListener.log Command line argument: -Djava.protocol.handler.pkgs=org.apache.catalina.webresources
07-Jul-2018 10:55:28.079 INFO [main] org.apache.catalina.startup.VersionLoggerListener.log Command line argument: -Djava.library.path=/home/wacom/www/Java2EE-Native/lib
07-Jul-2018 10:55:28.079 INFO [main] org.apache.catalina.startup.VersionLoggerListener.log Command line argument: -Dcatalina.base=/home/wacom/www/Java2EE-Native/
07-Jul-2018 10:55:28.080 INFO [main] org.apache.catalina.startup.VersionLoggerListener.log Command line argument: -Dcatalina.home=/home/wacom/www/Java2EE-Native/
07-Jul-2018 10:55:28.080 INFO [main] org.apache.catalina.startup.VersionLoggerListener.log Command line argument: -Djava.io.tmpdir=/home/wacom/www/Java2EE-Native//temp
07-Jul-2018 10:55:28.080 INFO [main] org.apache.catalina.core.AprLifecycleListener.lifecycleEvent Loaded APR based Apache Tomcat Native library [1.2.12] using APR version [1.6.3].
07-Jul-2018 10:55:28.080 INFO [main] org.apache.catalina.core.AprLifecycleListener.lifecycleEvent APR capabilities: IPv6 [true], sendfile [true], accept filters [false], random [true].
07-Jul-2018 10:55:28.081 INFO [main] org.apache.catalina.core.AprLifecycleListener.lifecycleEvent APR/OpenSSL configuration: useAprConnector [false], useOpenSSL [true]
07-Jul-2018 10:55:28.353 INFO [main] org.apache.coyote.AbstractProtocol.init Initializing ProtocolHandler ["http-nio-8083"]
07-Jul-2018 10:55:28.392 INFO [main] org.apache.tomcat.util.net.NioSelectorPool.getSharedSelector Using a shared selector for servlet write/read
07-Jul-2018 10:55:28.400 INFO [main] org.apache.coyote.AbstractProtocol.init Initializing ProtocolHandler ["ajp-nio-8011"]
07-Jul-2018 10:55:28.402 INFO [main] org.apache.tomcat.util.net.NioSelectorPool.getSharedSelector Using a shared selector for servlet write/read
07-Jul-2018 10:55:28.403 INFO [main] org.apache.catalina.startup.Catalina.load Initialization processed in 1267 ms
07-Jul-2018 10:55:28.482 INFO [main] org.apache.catalina.core.StandardService.startInternal Starting service [Catalina]
07-Jul-2018 10:55:28.483 INFO [main] org.apache.catalina.core.StandardEngine.startInternal Starting Servlet Engine: Apache Tomcat/8.5.20
07-Jul-2018 10:55:28.537 INFO [localhost-startStop-1] org.apache.catalina.startup.HostConfig.deployWAR Deploying web application archive [/home/wacom/public_html/Java2EE-Native/webapps/Promocion.war]
07-Jul-2018 10:55:34.093 INFO [localhost-startStop-1] org.apache.jasper.servlet.TldScanner.scanJars At least one JAR was scanned for TLDs yet contained no TLDs. Enable debug logging for this logger for a complete list of JARs that were scanned but no TLDs were found in them. Skipping unneeded JARs during scanning can improve startup time and JSP compilation time.
07-Jul-2018 10:56:21.015 WARNING [localhost-startStop-1] org.apache.catalina.util.SessionIdGeneratorBase.createSecureRandom Creation of SecureRandom instance for session ID generation using [SHA1PRNG] took [35,859] milliseconds.
07-Jul-2018 10:56:21.067 INFO [localhost-startStop-1] org.apache.catalina.startup.HostConfig.deployWAR Deployment of web application archive [/home/wacom/public_html/Java2EE-Native/webapps/Promocion.war] has finished in [52,530] ms
07-Jul-2018 10:56:21.070 INFO [localhost-startStop-1] org.apache.catalina.startup.HostConfig.deployDirectory Deploying web application directory [/home/wacom/public_html/Java2EE-Native/webapps/host-manager]
07-Jul-2018 10:56:21.100 INFO [localhost-startStop-1] org.apache.catalina.startup.HostConfig.deployDirectory Deployment of web application directory [/home/wacom/public_html/Java2EE-Native/webapps/host-manager] has finished in [30] ms
07-Jul-2018 10:56:21.100 INFO [localhost-startStop-1] org.apache.catalina.startup.HostConfig.deployDirectory Deploying web application directory [/home/wacom/public_html/Java2EE-Native/webapps/manager]
07-Jul-2018 10:56:21.118 INFO [localhost-startStop-1] org.apache.catalina.startup.HostConfig.deployDirectory Deployment of web application directory [/home/wacom/public_html/Java2EE-Native/webapps/manager] has finished in [18] ms
07-Jul-2018 10:56:21.128 INFO [main] org.apache.coyote.AbstractProtocol.start Starting ProtocolHandler ["http-nio-8083"]
07-Jul-2018 10:56:21.136 INFO [main] org.apache.coyote.AbstractProtocol.start Starting ProtocolHandler ["ajp-nio-8011"]
07-Jul-2018 10:56:21.140 INFO [main] org.apache.catalina.startup.Catalina.start Server startup in 52736 ms
