25-Oct-2017 15:13:29.949 INFO [main] org.apache.catalina.startup.VersionLoggerListener.log Server version:        Apache Tomcat/8.5.20
25-Oct-2017 15:13:29.953 INFO [main] org.apache.catalina.startup.VersionLoggerListener.log Server built:          Aug 2 2017 21:35:49 UTC
25-Oct-2017 15:13:29.953 INFO [main] org.apache.catalina.startup.VersionLoggerListener.log Server number:         8.5.20.0
25-Oct-2017 15:13:29.953 INFO [main] org.apache.catalina.startup.VersionLoggerListener.log OS Name:               Linux
25-Oct-2017 15:13:29.953 INFO [main] org.apache.catalina.startup.VersionLoggerListener.log OS Version:            3.10.0-693.5.2.el7.x86_64
25-Oct-2017 15:13:29.953 INFO [main] org.apache.catalina.startup.VersionLoggerListener.log Architecture:          amd64
25-Oct-2017 15:13:29.953 INFO [main] org.apache.catalina.startup.VersionLoggerListener.log Java Home:             /opt/jdk1.8.0_144/jre
25-Oct-2017 15:13:29.953 INFO [main] org.apache.catalina.startup.VersionLoggerListener.log JVM Version:           1.8.0_144-b01
25-Oct-2017 15:13:29.953 INFO [main] org.apache.catalina.startup.VersionLoggerListener.log JVM Vendor:            Oracle Corporation
25-Oct-2017 15:13:29.953 INFO [main] org.apache.catalina.startup.VersionLoggerListener.log CATALINA_BASE:         /home/wacom/public_html/Java2EE-Native
25-Oct-2017 15:13:29.954 INFO [main] org.apache.catalina.startup.VersionLoggerListener.log CATALINA_HOME:         /home/wacom/public_html/Java2EE-Native
25-Oct-2017 15:13:29.954 INFO [main] org.apache.catalina.startup.VersionLoggerListener.log Command line argument: -Djava.util.logging.config.file=/home/wacom/www/Java2EE-Native//conf/logging.properties
25-Oct-2017 15:13:29.954 INFO [main] org.apache.catalina.startup.VersionLoggerListener.log Command line argument: -Djava.util.logging.manager=org.apache.juli.ClassLoaderLogManager
25-Oct-2017 15:13:29.954 INFO [main] org.apache.catalina.startup.VersionLoggerListener.log Command line argument: -Djdk.tls.ephemeralDHKeySize=2048
25-Oct-2017 15:13:29.954 INFO [main] org.apache.catalina.startup.VersionLoggerListener.log Command line argument: -Djava.protocol.handler.pkgs=org.apache.catalina.webresources
25-Oct-2017 15:13:29.954 INFO [main] org.apache.catalina.startup.VersionLoggerListener.log Command line argument: -Djava.library.path=/home/wacom/www/Java2EE-Native/lib
25-Oct-2017 15:13:29.954 INFO [main] org.apache.catalina.startup.VersionLoggerListener.log Command line argument: -Dcatalina.base=/home/wacom/www/Java2EE-Native/
25-Oct-2017 15:13:29.954 INFO [main] org.apache.catalina.startup.VersionLoggerListener.log Command line argument: -Dcatalina.home=/home/wacom/www/Java2EE-Native/
25-Oct-2017 15:13:29.955 INFO [main] org.apache.catalina.startup.VersionLoggerListener.log Command line argument: -Djava.io.tmpdir=/home/wacom/www/Java2EE-Native//temp
25-Oct-2017 15:13:29.955 INFO [main] org.apache.catalina.core.AprLifecycleListener.lifecycleEvent Loaded APR based Apache Tomcat Native library [1.2.12] using APR version [1.6.3].
25-Oct-2017 15:13:29.955 INFO [main] org.apache.catalina.core.AprLifecycleListener.lifecycleEvent APR capabilities: IPv6 [true], sendfile [true], accept filters [false], random [true].
25-Oct-2017 15:13:29.955 INFO [main] org.apache.catalina.core.AprLifecycleListener.lifecycleEvent APR/OpenSSL configuration: useAprConnector [false], useOpenSSL [true]
25-Oct-2017 15:13:30.076 INFO [main] org.apache.coyote.AbstractProtocol.init Initializing ProtocolHandler ["http-nio-8083"]
25-Oct-2017 15:13:30.091 INFO [main] org.apache.tomcat.util.net.NioSelectorPool.getSharedSelector Using a shared selector for servlet write/read
25-Oct-2017 15:13:30.096 INFO [main] org.apache.coyote.AbstractProtocol.init Initializing ProtocolHandler ["ajp-nio-8011"]
25-Oct-2017 15:13:30.097 INFO [main] org.apache.tomcat.util.net.NioSelectorPool.getSharedSelector Using a shared selector for servlet write/read
25-Oct-2017 15:13:30.097 INFO [main] org.apache.catalina.startup.Catalina.load Initialization processed in 474 ms
25-Oct-2017 15:13:30.121 INFO [main] org.apache.catalina.core.StandardService.startInternal Starting service [Catalina]
25-Oct-2017 15:13:30.121 INFO [main] org.apache.catalina.core.StandardEngine.startInternal Starting Servlet Engine: Apache Tomcat/8.5.20
25-Oct-2017 15:13:30.145 INFO [localhost-startStop-1] org.apache.catalina.startup.HostConfig.deployWAR Deploying web application archive [/home/wacom/public_html/Java2EE-Native/webapps/Promocion.war]
25-Oct-2017 15:13:32.855 INFO [localhost-startStop-1] org.apache.jasper.servlet.TldScanner.scanJars At least one JAR was scanned for TLDs yet contained no TLDs. Enable debug logging for this logger for a complete list of JARs that were scanned but no TLDs were found in them. Skipping unneeded JARs during scanning can improve startup time and JSP compilation time.
25-Oct-2017 15:13:37.611 INFO [localhost-startStop-1] org.apache.catalina.startup.HostConfig.deployWAR Deployment of web application archive [/home/wacom/public_html/Java2EE-Native/webapps/Promocion.war] has finished in [7,466] ms
25-Oct-2017 15:13:37.617 INFO [localhost-startStop-1] org.apache.catalina.startup.HostConfig.deployDirectory Deploying web application directory [/home/wacom/public_html/Java2EE-Native/webapps/host-manager]
25-Oct-2017 15:13:37.642 INFO [localhost-startStop-1] org.apache.catalina.startup.HostConfig.deployDirectory Deployment of web application directory [/home/wacom/public_html/Java2EE-Native/webapps/host-manager] has finished in [25] ms
25-Oct-2017 15:13:37.642 INFO [localhost-startStop-1] org.apache.catalina.startup.HostConfig.deployDirectory Deploying web application directory [/home/wacom/public_html/Java2EE-Native/webapps/ROOT]
25-Oct-2017 15:13:37.654 INFO [localhost-startStop-1] org.apache.catalina.startup.HostConfig.deployDirectory Deployment of web application directory [/home/wacom/public_html/Java2EE-Native/webapps/ROOT] has finished in [12] ms
25-Oct-2017 15:13:37.655 INFO [localhost-startStop-1] org.apache.catalina.startup.HostConfig.deployDirectory Deploying web application directory [/home/wacom/public_html/Java2EE-Native/webapps/manager]
25-Oct-2017 15:13:37.671 INFO [localhost-startStop-1] org.apache.catalina.startup.HostConfig.deployDirectory Deployment of web application directory [/home/wacom/public_html/Java2EE-Native/webapps/manager] has finished in [16] ms
25-Oct-2017 15:13:37.683 INFO [main] org.apache.coyote.AbstractProtocol.start Starting ProtocolHandler ["http-nio-8083"]
25-Oct-2017 15:13:37.695 INFO [main] org.apache.coyote.AbstractProtocol.start Starting ProtocolHandler ["ajp-nio-8011"]
25-Oct-2017 15:13:37.701 INFO [main] org.apache.catalina.startup.Catalina.start Server startup in 7603 ms
25-Oct-2017 18:40:11.767 SEVERE [ajp-nio-8011-exec-1] org.apache.coyote.ajp.AjpMessage.processHeader Invalid message received with signature [21320]
