23-Jun-2018 09:04:35.154 INFO [main] org.apache.catalina.startup.VersionLoggerListener.log Server version:        Apache Tomcat/8.5.20
23-Jun-2018 09:04:35.164 INFO [main] org.apache.catalina.startup.VersionLoggerListener.log Server built:          Aug 2 2017 21:35:49 UTC
23-Jun-2018 09:04:35.164 INFO [main] org.apache.catalina.startup.VersionLoggerListener.log Server number:         8.5.20.0
23-Jun-2018 09:04:35.164 INFO [main] org.apache.catalina.startup.VersionLoggerListener.log OS Name:               Linux
23-Jun-2018 09:04:35.164 INFO [main] org.apache.catalina.startup.VersionLoggerListener.log OS Version:            3.10.0-862.3.3.el7.x86_64
23-Jun-2018 09:04:35.164 INFO [main] org.apache.catalina.startup.VersionLoggerListener.log Architecture:          amd64
23-Jun-2018 09:04:35.164 INFO [main] org.apache.catalina.startup.VersionLoggerListener.log Java Home:             /opt/jdk1.8.0_144/jre
23-Jun-2018 09:04:35.165 INFO [main] org.apache.catalina.startup.VersionLoggerListener.log JVM Version:           1.8.0_144-b01
23-Jun-2018 09:04:35.165 INFO [main] org.apache.catalina.startup.VersionLoggerListener.log JVM Vendor:            Oracle Corporation
23-Jun-2018 09:04:35.165 INFO [main] org.apache.catalina.startup.VersionLoggerListener.log CATALINA_BASE:         /home/wacom/public_html/Java2EE-Native
23-Jun-2018 09:04:35.165 INFO [main] org.apache.catalina.startup.VersionLoggerListener.log CATALINA_HOME:         /home/wacom/public_html/Java2EE-Native
23-Jun-2018 09:04:35.166 INFO [main] org.apache.catalina.startup.VersionLoggerListener.log Command line argument: -Djava.util.logging.config.file=/home/wacom/www/Java2EE-Native//conf/logging.properties
23-Jun-2018 09:04:35.166 INFO [main] org.apache.catalina.startup.VersionLoggerListener.log Command line argument: -Djava.util.logging.manager=org.apache.juli.ClassLoaderLogManager
23-Jun-2018 09:04:35.166 INFO [main] org.apache.catalina.startup.VersionLoggerListener.log Command line argument: -Djdk.tls.ephemeralDHKeySize=2048
23-Jun-2018 09:04:35.166 INFO [main] org.apache.catalina.startup.VersionLoggerListener.log Command line argument: -Djava.protocol.handler.pkgs=org.apache.catalina.webresources
23-Jun-2018 09:04:35.166 INFO [main] org.apache.catalina.startup.VersionLoggerListener.log Command line argument: -Djava.library.path=/home/wacom/www/Java2EE-Native/lib
23-Jun-2018 09:04:35.166 INFO [main] org.apache.catalina.startup.VersionLoggerListener.log Command line argument: -Dcatalina.base=/home/wacom/www/Java2EE-Native/
23-Jun-2018 09:04:35.167 INFO [main] org.apache.catalina.startup.VersionLoggerListener.log Command line argument: -Dcatalina.home=/home/wacom/www/Java2EE-Native/
23-Jun-2018 09:04:35.167 INFO [main] org.apache.catalina.startup.VersionLoggerListener.log Command line argument: -Djava.io.tmpdir=/home/wacom/www/Java2EE-Native//temp
23-Jun-2018 09:04:35.167 INFO [main] org.apache.catalina.core.AprLifecycleListener.lifecycleEvent Loaded APR based Apache Tomcat Native library [1.2.12] using APR version [1.6.3].
23-Jun-2018 09:04:35.167 INFO [main] org.apache.catalina.core.AprLifecycleListener.lifecycleEvent APR capabilities: IPv6 [true], sendfile [true], accept filters [false], random [true].
23-Jun-2018 09:04:35.167 INFO [main] org.apache.catalina.core.AprLifecycleListener.lifecycleEvent APR/OpenSSL configuration: useAprConnector [false], useOpenSSL [true]
23-Jun-2018 09:04:35.459 INFO [main] org.apache.coyote.AbstractProtocol.init Initializing ProtocolHandler ["http-nio-8083"]
23-Jun-2018 09:04:35.502 INFO [main] org.apache.tomcat.util.net.NioSelectorPool.getSharedSelector Using a shared selector for servlet write/read
23-Jun-2018 09:04:35.509 INFO [main] org.apache.coyote.AbstractProtocol.init Initializing ProtocolHandler ["ajp-nio-8011"]
23-Jun-2018 09:04:35.511 INFO [main] org.apache.tomcat.util.net.NioSelectorPool.getSharedSelector Using a shared selector for servlet write/read
23-Jun-2018 09:04:35.512 INFO [main] org.apache.catalina.startup.Catalina.load Initialization processed in 1255 ms
23-Jun-2018 09:04:35.572 INFO [main] org.apache.catalina.core.StandardService.startInternal Starting service [Catalina]
23-Jun-2018 09:04:35.572 INFO [main] org.apache.catalina.core.StandardEngine.startInternal Starting Servlet Engine: Apache Tomcat/8.5.20
23-Jun-2018 09:04:35.630 INFO [localhost-startStop-1] org.apache.catalina.startup.HostConfig.deployWAR Deploying web application archive [/home/wacom/public_html/Java2EE-Native/webapps/Promocion.war]
23-Jun-2018 09:04:40.959 INFO [localhost-startStop-1] org.apache.jasper.servlet.TldScanner.scanJars At least one JAR was scanned for TLDs yet contained no TLDs. Enable debug logging for this logger for a complete list of JARs that were scanned but no TLDs were found in them. Skipping unneeded JARs during scanning can improve startup time and JSP compilation time.
23-Jun-2018 09:06:19.871 WARNING [localhost-startStop-1] org.apache.catalina.util.SessionIdGeneratorBase.createSecureRandom Creation of SecureRandom instance for session ID generation using [SHA1PRNG] took [87,798] milliseconds.
23-Jun-2018 09:06:19.931 INFO [localhost-startStop-1] org.apache.catalina.startup.HostConfig.deployWAR Deployment of web application archive [/home/wacom/public_html/Java2EE-Native/webapps/Promocion.war] has finished in [104,301] ms
23-Jun-2018 09:06:19.934 INFO [localhost-startStop-1] org.apache.catalina.startup.HostConfig.deployDirectory Deploying web application directory [/home/wacom/public_html/Java2EE-Native/webapps/host-manager]
23-Jun-2018 09:06:19.966 INFO [localhost-startStop-1] org.apache.catalina.startup.HostConfig.deployDirectory Deployment of web application directory [/home/wacom/public_html/Java2EE-Native/webapps/host-manager] has finished in [31] ms
23-Jun-2018 09:06:19.966 INFO [localhost-startStop-1] org.apache.catalina.startup.HostConfig.deployDirectory Deploying web application directory [/home/wacom/public_html/Java2EE-Native/webapps/manager]
23-Jun-2018 09:06:19.986 INFO [localhost-startStop-1] org.apache.catalina.startup.HostConfig.deployDirectory Deployment of web application directory [/home/wacom/public_html/Java2EE-Native/webapps/manager] has finished in [20] ms
23-Jun-2018 09:06:19.994 INFO [main] org.apache.coyote.AbstractProtocol.start Starting ProtocolHandler ["http-nio-8083"]
23-Jun-2018 09:06:20.003 INFO [main] org.apache.coyote.AbstractProtocol.start Starting ProtocolHandler ["ajp-nio-8011"]
23-Jun-2018 09:06:20.007 INFO [main] org.apache.catalina.startup.Catalina.start Server startup in 104495 ms
