21-Nov-2017 12:57:03.439 INFO [main] org.apache.catalina.startup.VersionLoggerListener.log Server version:        Apache Tomcat/8.5.20
21-Nov-2017 12:57:03.445 INFO [main] org.apache.catalina.startup.VersionLoggerListener.log Server built:          Aug 2 2017 21:35:49 UTC
21-Nov-2017 12:57:03.445 INFO [main] org.apache.catalina.startup.VersionLoggerListener.log Server number:         8.5.20.0
21-Nov-2017 12:57:03.445 INFO [main] org.apache.catalina.startup.VersionLoggerListener.log OS Name:               Linux
21-Nov-2017 12:57:03.445 INFO [main] org.apache.catalina.startup.VersionLoggerListener.log OS Version:            3.10.0-693.5.2.el7.x86_64
21-Nov-2017 12:57:03.446 INFO [main] org.apache.catalina.startup.VersionLoggerListener.log Architecture:          amd64
21-Nov-2017 12:57:03.446 INFO [main] org.apache.catalina.startup.VersionLoggerListener.log Java Home:             /opt/jdk1.8.0_144/jre
21-Nov-2017 12:57:03.446 INFO [main] org.apache.catalina.startup.VersionLoggerListener.log JVM Version:           1.8.0_144-b01
21-Nov-2017 12:57:03.446 INFO [main] org.apache.catalina.startup.VersionLoggerListener.log JVM Vendor:            Oracle Corporation
21-Nov-2017 12:57:03.446 INFO [main] org.apache.catalina.startup.VersionLoggerListener.log CATALINA_BASE:         /home/wacom/public_html/Java2EE-Native
21-Nov-2017 12:57:03.446 INFO [main] org.apache.catalina.startup.VersionLoggerListener.log CATALINA_HOME:         /home/wacom/public_html/Java2EE-Native
21-Nov-2017 12:57:03.447 INFO [main] org.apache.catalina.startup.VersionLoggerListener.log Command line argument: -Djava.util.logging.config.file=/home/wacom/www/Java2EE-Native//conf/logging.properties
21-Nov-2017 12:57:03.447 INFO [main] org.apache.catalina.startup.VersionLoggerListener.log Command line argument: -Djava.util.logging.manager=org.apache.juli.ClassLoaderLogManager
21-Nov-2017 12:57:03.447 INFO [main] org.apache.catalina.startup.VersionLoggerListener.log Command line argument: -Djdk.tls.ephemeralDHKeySize=2048
21-Nov-2017 12:57:03.447 INFO [main] org.apache.catalina.startup.VersionLoggerListener.log Command line argument: -Djava.protocol.handler.pkgs=org.apache.catalina.webresources
21-Nov-2017 12:57:03.447 INFO [main] org.apache.catalina.startup.VersionLoggerListener.log Command line argument: -Djava.library.path=/home/wacom/www/Java2EE-Native/lib
21-Nov-2017 12:57:03.448 INFO [main] org.apache.catalina.startup.VersionLoggerListener.log Command line argument: -Dcatalina.base=/home/wacom/www/Java2EE-Native/
21-Nov-2017 12:57:03.448 INFO [main] org.apache.catalina.startup.VersionLoggerListener.log Command line argument: -Dcatalina.home=/home/wacom/www/Java2EE-Native/
21-Nov-2017 12:57:03.448 INFO [main] org.apache.catalina.startup.VersionLoggerListener.log Command line argument: -Djava.io.tmpdir=/home/wacom/www/Java2EE-Native//temp
21-Nov-2017 12:57:03.448 INFO [main] org.apache.catalina.core.AprLifecycleListener.lifecycleEvent Loaded APR based Apache Tomcat Native library [1.2.12] using APR version [1.6.3].
21-Nov-2017 12:57:03.448 INFO [main] org.apache.catalina.core.AprLifecycleListener.lifecycleEvent APR capabilities: IPv6 [true], sendfile [true], accept filters [false], random [true].
21-Nov-2017 12:57:03.448 INFO [main] org.apache.catalina.core.AprLifecycleListener.lifecycleEvent APR/OpenSSL configuration: useAprConnector [false], useOpenSSL [true]
21-Nov-2017 12:57:03.736 INFO [main] org.apache.coyote.AbstractProtocol.init Initializing ProtocolHandler ["http-nio-8083"]
21-Nov-2017 12:57:03.770 INFO [main] org.apache.tomcat.util.net.NioSelectorPool.getSharedSelector Using a shared selector for servlet write/read
21-Nov-2017 12:57:03.774 INFO [main] org.apache.coyote.AbstractProtocol.init Initializing ProtocolHandler ["ajp-nio-8011"]
21-Nov-2017 12:57:03.775 INFO [main] org.apache.tomcat.util.net.NioSelectorPool.getSharedSelector Using a shared selector for servlet write/read
21-Nov-2017 12:57:03.777 INFO [main] org.apache.catalina.startup.Catalina.load Initialization processed in 1206 ms
21-Nov-2017 12:57:03.823 INFO [main] org.apache.catalina.core.StandardService.startInternal Starting service [Catalina]
21-Nov-2017 12:57:03.823 INFO [main] org.apache.catalina.core.StandardEngine.startInternal Starting Servlet Engine: Apache Tomcat/8.5.20
21-Nov-2017 12:57:03.868 INFO [localhost-startStop-1] org.apache.catalina.startup.HostConfig.deployWAR Deploying web application archive [/home/wacom/public_html/Java2EE-Native/webapps/Promocion.war]
21-Nov-2017 12:57:08.274 INFO [localhost-startStop-1] org.apache.jasper.servlet.TldScanner.scanJars At least one JAR was scanned for TLDs yet contained no TLDs. Enable debug logging for this logger for a complete list of JARs that were scanned but no TLDs were found in them. Skipping unneeded JARs during scanning can improve startup time and JSP compilation time.
21-Nov-2017 13:00:15.121 WARNING [localhost-startStop-1] org.apache.catalina.util.SessionIdGeneratorBase.createSecureRandom Creation of SecureRandom instance for session ID generation using [SHA1PRNG] took [178,221] milliseconds.
21-Nov-2017 13:00:15.169 INFO [localhost-startStop-1] org.apache.catalina.startup.HostConfig.deployWAR Deployment of web application archive [/home/wacom/public_html/Java2EE-Native/webapps/Promocion.war] has finished in [191,300] ms
21-Nov-2017 13:00:15.170 INFO [localhost-startStop-1] org.apache.catalina.startup.HostConfig.deployDirectory Deploying web application directory [/home/wacom/public_html/Java2EE-Native/webapps/host-manager]
21-Nov-2017 13:00:15.197 INFO [localhost-startStop-1] org.apache.catalina.startup.HostConfig.deployDirectory Deployment of web application directory [/home/wacom/public_html/Java2EE-Native/webapps/host-manager] has finished in [26] ms
21-Nov-2017 13:00:15.197 INFO [localhost-startStop-1] org.apache.catalina.startup.HostConfig.deployDirectory Deploying web application directory [/home/wacom/public_html/Java2EE-Native/webapps/manager]
21-Nov-2017 13:00:15.213 INFO [localhost-startStop-1] org.apache.catalina.startup.HostConfig.deployDirectory Deployment of web application directory [/home/wacom/public_html/Java2EE-Native/webapps/manager] has finished in [16] ms
21-Nov-2017 13:00:15.220 INFO [main] org.apache.coyote.AbstractProtocol.start Starting ProtocolHandler ["http-nio-8083"]
21-Nov-2017 13:00:15.226 INFO [main] org.apache.coyote.AbstractProtocol.start Starting ProtocolHandler ["ajp-nio-8011"]
21-Nov-2017 13:00:15.229 INFO [main] org.apache.catalina.startup.Catalina.start Server startup in 191452 ms
