This file contains any messages produced by compilers while
running configure, to aid debugging if configure makes a mistake.

It was created by configure, which was
generated by GNU Autoconf 2.69.  Invocation command line was

  $ ./configure --with-apr=/usr/local/apr --with-java-home=/opt/jdk1.8.0_144/ --with-ssl=no --prefix=/home/wacom/www/Java2EE-Native

## --------- ##
## Platform. ##
## --------- ##

hostname = host3.kmlmedia.net
uname -m = x86_64
uname -r = 3.10.0-693.5.2.el7.x86_64
uname -s = Linux
uname -v = #1 SMP Fri Oct 20 20:32:50 UTC 2017

/usr/bin/uname -p = x86_64
/bin/uname -X     = unknown

/bin/arch              = x86_64
/usr/bin/arch -k       = unknown
/usr/convex/getsysinfo = unknown
/usr/bin/hostinfo      = unknown
/bin/machine           = unknown
/usr/bin/oslevel       = unknown
/bin/universe          = unknown

PATH: /usr/local/sbin
PATH: /usr/local/bin
PATH: /usr/sbin
PATH: /usr/bin
PATH: /opt/cpanel/composer/bin
PATH: /opt/jdk1.8.0_144/bin
PATH: /opt/jdk1.8.0_144/jre/bin
PATH: /root/bin


## ----------- ##
## Core tests. ##
## ----------- ##

configure:2122: checking build system type
configure:2136: result: x86_64-unknown-linux-gnu
configure:2156: checking host system type
configure:2169: result: x86_64-unknown-linux-gnu
configure:2189: checking target system type
configure:2202: result: x86_64-unknown-linux-gnu
configure:2243: checking for a BSD-compatible install
configure:2311: result: /usr/bin/install -c
configure:2329: checking for working mkdir -p
configure:2345: result: yes
configure:2438: checking for chosen layout
configure:2440: result: tcnative
configure:2595: checking for APR
configure:2674: result: yes
configure:2697: APR 1.6.3 detected.
configure:2737: checking JAVA_HOME
configure:2742: result: /opt/jdk1.8.0_144/
configure:2822: checking for JDK os include directory
configure:2981: checking for gcc
configure:3008: result: gcc
configure:3237: checking for C compiler version
configure:3246: gcc --version >&5
gcc (GCC) 4.8.5 20150623 (Red Hat 4.8.5-16)
Copyright (C) 2015 Free Software Foundation, Inc.
This is free software; see the source for copying conditions.  There is NO
warranty; not even for MERCHANTABILITY or FITNESS FOR A PARTICULAR PURPOSE.

configure:3257: $? = 0
configure:3246: gcc -v >&5
Using built-in specs.
COLLECT_GCC=gcc
COLLECT_LTO_WRAPPER=/usr/libexec/gcc/x86_64-redhat-linux/4.8.5/lto-wrapper
Target: x86_64-redhat-linux
Configured with: ../configure --prefix=/usr --mandir=/usr/share/man --infodir=/usr/share/info --with-bugurl=http://bugzilla.redhat.com/bugzilla --enable-bootstrap --enable-shared --enable-threads=posix --enable-checking=release --with-system-zlib --enable-__cxa_atexit --disable-libunwind-exceptions --enable-gnu-unique-object --enable-linker-build-id --with-linker-hash-style=gnu --enable-languages=c,c++,objc,obj-c++,java,fortran,ada,go,lto --enable-plugin --enable-initfini-array --disable-libgcj --with-isl=/builddir/build/BUILD/gcc-4.8.5-20150702/obj-x86_64-redhat-linux/isl-install --with-cloog=/builddir/build/BUILD/gcc-4.8.5-20150702/obj-x86_64-redhat-linux/cloog-install --enable-gnu-indirect-function --with-tune=generic --with-arch_32=x86-64 --build=x86_64-redhat-linux
Thread model: posix
gcc version 4.8.5 20150623 (Red Hat 4.8.5-16) (GCC) 
configure:3257: $? = 0
configure:3246: gcc -V >&5
gcc: error: unrecognized command line option '-V'
gcc: fatal error: no input files
compilation terminated.
configure:3257: $? = 4
configure:3246: gcc -qversion >&5
gcc: error: unrecognized command line option '-qversion'
gcc: fatal error: no input files
compilation terminated.
configure:3257: $? = 4
configure:3277: checking whether the C compiler works
configure:3299: gcc    conftest.c  >&5
configure:3303: $? = 0
configure:3351: result: yes
configure:3354: checking for C compiler default output file name
configure:3356: result: a.out
configure:3362: checking for suffix of executables
configure:3369: gcc -o conftest    conftest.c  >&5
configure:3373: $? = 0
configure:3395: result: 
configure:3417: checking whether we are cross compiling
configure:3425: gcc -o conftest    conftest.c  >&5
configure:3429: $? = 0
configure:3436: ./conftest
configure:3440: $? = 0
configure:3455: result: no
configure:3460: checking for suffix of object files
configure:3482: gcc -c   conftest.c >&5
configure:3486: $? = 0
configure:3507: result: o
configure:3511: checking whether we are using the GNU C compiler
configure:3530: gcc -c   conftest.c >&5
configure:3530: $? = 0
configure:3539: result: yes
configure:3548: checking whether gcc accepts -g
configure:3568: gcc -c -g  conftest.c >&5
configure:3568: $? = 0
configure:3609: result: yes
configure:3626: checking for gcc option to accept ISO C89
configure:3689: gcc  -c -g -O2  conftest.c >&5
configure:3689: $? = 0
configure:3702: result: none needed
configure:3724: checking for OpenSSL library
configure:3749: result: no
configure:4079: checking for apr_pollset_wakeup in -lapr-1
configure:4104: gcc -o conftest -g -O2  -I/usr/local/apr/include/apr-1    conftest.c -lapr-1    -L/usr/local/apr/lib -lapr-1 -luuid -lrt -lcrypt  -lpthread -ldl >&5
configure:4104: $? = 0
configure:4113: result: yes
configure:4340: creating ./config.status

## ---------------------- ##
## Running config.status. ##
## ---------------------- ##

This file was extended by config.status, which was
generated by GNU Autoconf 2.69.  Invocation command line was

  CONFIG_FILES    = 
  CONFIG_HEADERS  = 
  CONFIG_LINKS    = 
  CONFIG_COMMANDS = 
  $ ./config.status 

on host3.kmlmedia.net

config.status:767: creating tcnative.pc
config.status:767: creating Makefile
config.status:933: executing default commands

## ---------------- ##
## Cache variables. ##
## ---------------- ##

ac_cv_build=x86_64-unknown-linux-gnu
ac_cv_c_compiler_gnu=yes
ac_cv_env_CC_set=
ac_cv_env_CC_value=
ac_cv_env_CFLAGS_set=
ac_cv_env_CFLAGS_value=
ac_cv_env_CPPFLAGS_set=
ac_cv_env_CPPFLAGS_value=
ac_cv_env_LDFLAGS_set=
ac_cv_env_LDFLAGS_value=
ac_cv_env_LIBS_set=
ac_cv_env_LIBS_value=
ac_cv_env_build_alias_set=
ac_cv_env_build_alias_value=
ac_cv_env_host_alias_set=
ac_cv_env_host_alias_value=
ac_cv_env_target_alias_set=
ac_cv_env_target_alias_value=
ac_cv_host=x86_64-unknown-linux-gnu
ac_cv_lib_apr_1_apr_pollset_wakeup=yes
ac_cv_mkdir_p=yes
ac_cv_objext=o
ac_cv_path_install='/usr/bin/install -c'
ac_cv_prog_ac_ct_CC=gcc
ac_cv_prog_cc_c89=
ac_cv_prog_cc_g=yes
ac_cv_target=x86_64-unknown-linux-gnu

## ----------------- ##
## Output variables. ##
## ----------------- ##

APR_BUILD_DIR='/usr/local/apr/build-1'
APR_INCLUDES=' -I/usr/local/apr/include/apr-1 '
APR_LIBS=' -L/usr/local/apr/lib -lapr-1 -luuid -lrt -lcrypt  -lpthread -ldl'
APR_LIBTOOL_LIBS=' /usr/local/apr/lib/libapr-1.la -luuid -lrt -lcrypt  -lpthread -ldl'
CC='gcc'
CFLAGS='-g -O2 -DHAVE_POLLSET_WAKEUP'
CPPFLAGS=''
DEFS='-DPACKAGE_NAME=\"\" -DPACKAGE_TARNAME=\"\" -DPACKAGE_VERSION=\"\" -DPACKAGE_STRING=\"\" -DPACKAGE_BUGREPORT=\"\" -DPACKAGE_URL=\"\"'
ECHO_C=''
ECHO_N='-n'
ECHO_T=''
EXEEXT=''
EXTRA_OS_LINK=''
INCLUDE_OUTPUTS='include /home/wacom/www/Java2EE-Native/bin/tomcat-native-1.2.12-src/native/build-outputs.mk'
INCLUDE_RULES='include /home/wacom/www/Java2EE-Native/bin/tomcat-native-1.2.12-src/native/build/rules.mk'
INSTALL_DATA='${INSTALL} -m 644'
INSTALL_PROGRAM='${INSTALL}'
INSTALL_SCRIPT='${INSTALL}'
JAVA_HOME='/opt/jdk1.8.0_144/'
JAVA_OS='linux'
JAVA_PLATFORM=''
LDFLAGS=''
LIBOBJS=''
LIBS=''
LTLIBOBJS=''
OBJEXT='o'
PACKAGE_BUGREPORT=''
PACKAGE_NAME=''
PACKAGE_STRING=''
PACKAGE_TARNAME=''
PACKAGE_URL=''
PACKAGE_VERSION=''
PATH_SEPARATOR=':'
SHELL='/bin/sh'
TCNATIVE_DOTTED_VERSION='1.2.12'
TCNATIVE_EXPORT_LIBS=''
TCNATIVE_INCLUDES=''
TCNATIVE_LDFLAGS=''
TCNATIVE_LIBNAME='tcnative-${TCNATIVE_MAJOR_VERSION}'
TCNATIVE_LIBS=' /usr/local/apr/lib/libapr-1.la -luuid -lrt -lcrypt  -lpthread -ldl'
TCNATIVE_LIBTOOL_VERSION='2:12:2'
TCNATIVE_MAJOR_VERSION='1'
TCNATIVE_PRIV_INCLUDES='-I/home/wacom/www/Java2EE-Native/bin/tomcat-native-1.2.12-src/native/include -I/opt/jdk1.8.0_144//include -I/opt/jdk1.8.0_144//include/linux'
TCN_CONFIG_LOCATION='source'
abs_builddir='/home/wacom/www/Java2EE-Native/bin/tomcat-native-1.2.12-src/native'
abs_srcdir='/home/wacom/www/Java2EE-Native/bin/tomcat-native-1.2.12-src/native'
ac_ct_CC='gcc'
bindir='${exec_prefix}/bin'
build='x86_64-unknown-linux-gnu'
build_alias=''
build_cpu='x86_64'
build_os='linux-gnu'
build_vendor='unknown'
datadir='${prefix}'
datarootdir='${prefix}/share'
docdir='${datarootdir}/doc/${PACKAGE}'
dvidir='${docdir}'
exec_prefix='${prefix}'
host='x86_64-unknown-linux-gnu'
host_alias='Linux'
host_cpu='x86_64'
host_os='linux-gnu'
host_vendor='unknown'
htmldir='${docdir}'
includedir='${prefix}/include/apr-${TCNATIVE_MAJOR_VERSION}'
infodir='${datarootdir}/info'
lib_target='-rpath $(libdir) $(OBJECTS)'
libdir='${exec_prefix}/lib'
libexecdir='${exec_prefix}/modules'
localedir='${datarootdir}/locale'
localstatedir='${prefix}'
mandir='${prefix}/man'
oldincludedir='/usr/include'
pdfdir='${docdir}'
prefix='/home/wacom/www/Java2EE-Native'
program_transform_name='s,x,x,'
psdir='${docdir}'
runstatedir='${localstatedir}/run'
sbindir='${exec_prefix}/bin'
sharedstatedir='${prefix}/com'
so_ext='lo'
sysconfdir='${prefix}/conf'
target='x86_64-unknown-linux-gnu'
target_alias=''
target_cpu='x86_64'
target_os='linux-gnu'
target_vendor='unknown'
top_builddir='/home/wacom/www/Java2EE-Native/bin/tomcat-native-1.2.12-src/native'

## ----------- ##
## confdefs.h. ##
## ----------- ##

/* confdefs.h */
#define PACKAGE_NAME ""
#define PACKAGE_TARNAME ""
#define PACKAGE_VERSION ""
#define PACKAGE_STRING ""
#define PACKAGE_BUGREPORT ""
#define PACKAGE_URL ""

configure: exit 0
